[2017-04-07 07:28:18] local.ERROR: exception 'Symfony\Component\Debug\Exception\FatalErrorException' with message 'Class 'Collective\Html\HtmlServiceProvider' not found' in /var/www/html/twistar/vendor/laravel/framework/src/Illuminate/Foundation/ProviderRepository.php:208
Stack trace:
#0 {main}  
[2017-04-07 07:29:16] local.ERROR: exception 'Symfony\Component\Debug\Exception\FatalErrorException' with message 'Class 'Collective\Html\HtmlServiceProvider' not found' in /var/www/html/twistar/vendor/laravel/framework/src/Illuminate/Foundation/ProviderRepository.php:208
Stack trace:
#0 {main}  
[2017-04-07 07:33:43] local.ERROR: exception 'ErrorException' with message '[Semantical Error] Couldn't find constant L5_SWAGGER_CONST_HOST, /var/www/html/twistar/app/Api/V1/Controllers/ApiBaseController.php on line 12.' in /var/www/html/twistar/vendor/zircote/swagger-php/src/Logger.php:38
Stack trace:
#0 [internal function]: Illuminate\Foundation\Bootstrap\HandleExceptions->handleError(512, '[Semantical Err...', '/var/www/html/t...', 38, Array)
#1 /var/www/html/twistar/vendor/zircote/swagger-php/src/Logger.php(38): trigger_error('[Semantical Err...', 512)
#2 [internal function]: Swagger\Logger->Swagger\{closure}(Object(Doctrine\Common\Annotations\AnnotationException), 512)
#3 /var/www/html/twistar/vendor/zircote/swagger-php/src/Logger.php(59): call_user_func(Object(Closure), Object(Doctrine\Common\Annotations\AnnotationException), 512)
#4 /var/www/html/twistar/vendor/zircote/swagger-php/src/Analyser.php(110): Swagger\Logger::warning(Object(Doctrine\Common\Annotations\AnnotationException))
#5 /var/www/html/twistar/vendor/zircote/swagger-php/src/StaticAnalyser.php(248): Swagger\Analyser->fromComment('/**\n * @SWG\\Swa...', Object(Swagger\Context))
#6 /var/www/html/twistar/vendor/zircote/swagger-php/src/StaticAnalyser.php(112): Swagger\StaticAnalyser->analyseComment(Object(Swagger\Analysis), Object(Swagger\Analyser), '/**\n * @SWG\\Swa...', Object(Swagger\Context))
#7 /var/www/html/twistar/vendor/zircote/swagger-php/src/StaticAnalyser.php(33): Swagger\StaticAnalyser->fromTokens(Array, Object(Swagger\Context))
#8 /var/www/html/twistar/vendor/zircote/swagger-php/src/functions.php(41): Swagger\StaticAnalyser->fromFile('/var/www/html/t...')
#9 /var/www/html/twistar/vendor/darkaonline/l5-swagger/src/Generator.php(24): Swagger\scan('/var/www/html/t...', Array)
#10 /var/www/html/twistar/vendor/darkaonline/l5-swagger/src/Console/GenerateDocsCommand.php(32): L5Swagger\Generator::generateDocs()
#11 [internal function]: L5Swagger\Console\GenerateDocsCommand->fire()
#12 /var/www/html/twistar/vendor/laravel/framework/src/Illuminate/Container/BoundMethod.php(30): call_user_func_array(Array, Array)
#13 /var/www/html/twistar/vendor/laravel/framework/src/Illuminate/Container/BoundMethod.php(87): Illuminate\Container\BoundMethod::Illuminate\Container\{closure}()
#14 /var/www/html/twistar/vendor/laravel/framework/src/Illuminate/Container/BoundMethod.php(31): Illuminate\Container\BoundMethod::callBoundMethod(Object(Illuminate\Foundation\Application), Array, Object(Closure))
#15 /var/www/html/twistar/vendor/laravel/framework/src/Illuminate/Container/Container.php(531): Illuminate\Container\BoundMethod::call(Object(Illuminate\Foundation\Application), Array, Array, NULL)
#16 /var/www/html/twistar/vendor/laravel/framework/src/Illuminate/Console/Command.php(182): Illuminate\Container\Container->call(Array)
#17 /var/www/html/twistar/vendor/symfony/console/Command/Command.php(262): Illuminate\Console\Command->execute(Object(Symfony\Component\Console\Input\ArgvInput), Object(Illuminate\Console\OutputStyle))
#18 /var/www/html/twistar/vendor/laravel/framework/src/Illuminate/Console/Command.php(168): Symfony\Component\Console\Command\Command->run(Object(Symfony\Component\Console\Input\ArgvInput), Object(Illuminate\Console\OutputStyle))
#19 /var/www/html/twistar/vendor/symfony/console/Application.php(826): Illuminate\Console\Command->run(Object(Symfony\Component\Console\Input\ArgvInput), Object(Symfony\Component\Console\Output\ConsoleOutput))
#20 /var/www/html/twistar/vendor/symfony/console/Application.php(190): Symfony\Component\Console\Application->doRunCommand(Object(L5Swagger\Console\GenerateDocsCommand), Object(Symfony\Component\Console\Input\ArgvInput), Object(Symfony\Component\Console\Output\ConsoleOutput))
#21 /var/www/html/twistar/vendor/symfony/console/Application.php(121): Symfony\Component\Console\Application->doRun(Object(Symfony\Component\Console\Input\ArgvInput), Object(Symfony\Component\Console\Output\ConsoleOutput))
#22 /var/www/html/twistar/vendor/laravel/framework/src/Illuminate/Foundation/Console/Kernel.php(123): Symfony\Component\Console\Application->run(Object(Symfony\Component\Console\Input\ArgvInput), Object(Symfony\Component\Console\Output\ConsoleOutput))
#23 /var/www/html/twistar/artisan(36): Illuminate\Foundation\Console\Kernel->handle(Object(Symfony\Component\Console\Input\ArgvInput), Object(Symfony\Component\Console\Output\ConsoleOutput))
#24 {main}  
[2017-04-07 07:34:36] local.ERROR: exception 'ErrorException' with message '[Semantical Error] Couldn't find constant L5_SWAGGER_CONST_HOST, /var/www/html/twistar/app/Api/V1/Controllers/ApiBaseController.php on line 12.' in /var/www/html/twistar/vendor/zircote/swagger-php/src/Logger.php:38
Stack trace:
#0 [internal function]: Illuminate\Foundation\Bootstrap\HandleExceptions->handleError(512, '[Semantical Err...', '/var/www/html/t...', 38, Array)
#1 /var/www/html/twistar/vendor/zircote/swagger-php/src/Logger.php(38): trigger_error('[Semantical Err...', 512)
#2 [internal function]: Swagger\Logger->Swagger\{closure}(Object(Doctrine\Common\Annotations\AnnotationException), 512)
#3 /var/www/html/twistar/vendor/zircote/swagger-php/src/Logger.php(59): call_user_func(Object(Closure), Object(Doctrine\Common\Annotations\AnnotationException), 512)
#4 /var/www/html/twistar/vendor/zircote/swagger-php/src/Analyser.php(110): Swagger\Logger::warning(Object(Doctrine\Common\Annotations\AnnotationException))
#5 /var/www/html/twistar/vendor/zircote/swagger-php/src/StaticAnalyser.php(248): Swagger\Analyser->fromComment('/**\n * @SWG\\Swa...', Object(Swagger\Context))
#6 /var/www/html/twistar/vendor/zircote/swagger-php/src/StaticAnalyser.php(112): Swagger\StaticAnalyser->analyseComment(Object(Swagger\Analysis), Object(Swagger\Analyser), '/**\n * @SWG\\Swa...', Object(Swagger\Context))
#7 /var/www/html/twistar/vendor/zircote/swagger-php/src/StaticAnalyser.php(33): Swagger\StaticAnalyser->fromTokens(Array, Object(Swagger\Context))
#8 /var/www/html/twistar/vendor/zircote/swagger-php/src/functions.php(41): Swagger\StaticAnalyser->fromFile('/var/www/html/t...')
#9 /var/www/html/twistar/vendor/darkaonline/l5-swagger/src/Generator.php(24): Swagger\scan('/var/www/html/t...', Array)
#10 /var/www/html/twistar/vendor/darkaonline/l5-swagger/src/Console/GenerateDocsCommand.php(32): L5Swagger\Generator::generateDocs()
#11 [internal function]: L5Swagger\Console\GenerateDocsCommand->fire()
#12 /var/www/html/twistar/vendor/laravel/framework/src/Illuminate/Container/BoundMethod.php(30): call_user_func_array(Array, Array)
#13 /var/www/html/twistar/vendor/laravel/framework/src/Illuminate/Container/BoundMethod.php(87): Illuminate\Container\BoundMethod::Illuminate\Container\{closure}()
#14 /var/www/html/twistar/vendor/laravel/framework/src/Illuminate/Container/BoundMethod.php(31): Illuminate\Container\BoundMethod::callBoundMethod(Object(Illuminate\Foundation\Application), Array, Object(Closure))
#15 /var/www/html/twistar/vendor/laravel/framework/src/Illuminate/Container/Container.php(531): Illuminate\Container\BoundMethod::call(Object(Illuminate\Foundation\Application), Array, Array, NULL)
#16 /var/www/html/twistar/vendor/laravel/framework/src/Illuminate/Console/Command.php(182): Illuminate\Container\Container->call(Array)
#17 /var/www/html/twistar/vendor/symfony/console/Command/Command.php(262): Illuminate\Console\Command->execute(Object(Symfony\Component\Console\Input\ArgvInput), Object(Illuminate\Console\OutputStyle))
#18 /var/www/html/twistar/vendor/laravel/framework/src/Illuminate/Console/Command.php(168): Symfony\Component\Console\Command\Command->run(Object(Symfony\Component\Console\Input\ArgvInput), Object(Illuminate\Console\OutputStyle))
#19 /var/www/html/twistar/vendor/symfony/console/Application.php(826): Illuminate\Console\Command->run(Object(Symfony\Component\Console\Input\ArgvInput), Object(Symfony\Component\Console\Output\ConsoleOutput))
#20 /var/www/html/twistar/vendor/symfony/console/Application.php(190): Symfony\Component\Console\Application->doRunCommand(Object(L5Swagger\Console\GenerateDocsCommand), Object(Symfony\Component\Console\Input\ArgvInput), Object(Symfony\Component\Console\Output\ConsoleOutput))
#21 /var/www/html/twistar/vendor/symfony/console/Application.php(121): Symfony\Component\Console\Application->doRun(Object(Symfony\Component\Console\Input\ArgvInput), Object(Symfony\Component\Console\Output\ConsoleOutput))
#22 /var/www/html/twistar/vendor/laravel/framework/src/Illuminate/Foundation/Console/Kernel.php(123): Symfony\Component\Console\Application->run(Object(Symfony\Component\Console\Input\ArgvInput), Object(Symfony\Component\Console\Output\ConsoleOutput))
#23 /var/www/html/twistar/artisan(36): Illuminate\Foundation\Console\Kernel->handle(Object(Symfony\Component\Console\Input\ArgvInput), Object(Symfony\Component\Console\Output\ConsoleOutput))
#24 {main}  
[2017-04-07 07:39:37] local.ERROR: exception 'ReflectionException' with message 'Class api does not exist' in /var/www/html/twistar/vendor/laravel/framework/src/Illuminate/Container/Container.php:719
Stack trace:
#0 /var/www/html/twistar/vendor/laravel/framework/src/Illuminate/Container/Container.php(719): ReflectionClass->__construct('api')
#1 /var/www/html/twistar/vendor/laravel/framework/src/Illuminate/Container/Container.php(598): Illuminate\Container\Container->build('api')
#2 /var/www/html/twistar/vendor/laravel/framework/src/Illuminate/Container/Container.php(567): Illuminate\Container\Container->resolve('api')
#3 /var/www/html/twistar/vendor/laravel/framework/src/Illuminate/Foundation/Application.php(708): Illuminate\Container\Container->make('api')
#4 /var/www/html/twistar/vendor/laravel/framework/src/Illuminate/Pipeline/Pipeline.php(138): Illuminate\Foundation\Application->make('api')
#5 /var/www/html/twistar/vendor/laravel/framework/src/Illuminate/Routing/Pipeline.php(53): Illuminate\Pipeline\Pipeline->Illuminate\Pipeline\{closure}(Object(Illuminate\Http\Request))
#6 /var/www/html/twistar/vendor/laravel/framework/src/Illuminate/Routing/Middleware/SubstituteBindings.php(41): Illuminate\Routing\Pipeline->Illuminate\Routing\{closure}(Object(Illuminate\Http\Request))
#7 /var/www/html/twistar/vendor/laravel/framework/src/Illuminate/Pipeline/Pipeline.php(148): Illuminate\Routing\Middleware\SubstituteBindings->handle(Object(Illuminate\Http\Request), Object(Closure))
#8 /var/www/html/twistar/vendor/laravel/framework/src/Illuminate/Routing/Pipeline.php(53): Illuminate\Pipeline\Pipeline->Illuminate\Pipeline\{closure}(Object(Illuminate\Http\Request))
#9 /var/www/html/twistar/vendor/laravel/framework/src/Illuminate/Routing/Middleware/ThrottleRequests.php(49): Illuminate\Routing\Pipeline->Illuminate\Routing\{closure}(Object(Illuminate\Http\Request))
#10 /var/www/html/twistar/vendor/laravel/framework/src/Illuminate/Pipeline/Pipeline.php(148): Illuminate\Routing\Middleware\ThrottleRequests->handle(Object(Illuminate\Http\Request), Object(Closure), '60', '1')
#11 /var/www/html/twistar/vendor/laravel/framework/src/Illuminate/Routing/Pipeline.php(53): Illuminate\Pipeline\Pipeline->Illuminate\Pipeline\{closure}(Object(Illuminate\Http\Request))
#12 /var/www/html/twistar/vendor/laravel/framework/src/Illuminate/Pipeline/Pipeline.php(102): Illuminate\Routing\Pipeline->Illuminate\Routing\{closure}(Object(Illuminate\Http\Request))
#13 /var/www/html/twistar/vendor/laravel/framework/src/Illuminate/Routing/Router.php(561): Illuminate\Pipeline\Pipeline->then(Object(Closure))
#14 /var/www/html/twistar/vendor/laravel/framework/src/Illuminate/Routing/Router.php(520): Illuminate\Routing\Router->runRouteWithinStack(Object(Illuminate\Routing\Route), Object(Illuminate\Http\Request))
#15 /var/www/html/twistar/vendor/laravel/framework/src/Illuminate/Routing/Router.php(498): Illuminate\Routing\Router->dispatchToRoute(Object(Illuminate\Http\Request))
#16 /var/www/html/twistar/vendor/laravel/framework/src/Illuminate/Foundation/Http/Kernel.php(174): Illuminate\Routing\Router->dispatch(Object(Illuminate\Http\Request))
#17 /var/www/html/twistar/vendor/laravel/framework/src/Illuminate/Routing/Pipeline.php(30): Illuminate\Foundation\Http\Kernel->Illuminate\Foundation\Http\{closure}(Object(Illuminate\Http\Request))
#18 /var/www/html/twistar/vendor/laravel/framework/src/Illuminate/Foundation/Http/Middleware/TransformsRequest.php(30): Illuminate\Routing\Pipeline->Illuminate\Routing\{closure}(Object(Illuminate\Http\Request))
#19 /var/www/html/twistar/vendor/laravel/framework/src/Illuminate/Pipeline/Pipeline.php(148): Illuminate\Foundation\Http\Middleware\TransformsRequest->handle(Object(Illuminate\Http\Request), Object(Closure))
#20 /var/www/html/twistar/vendor/laravel/framework/src/Illuminate/Routing/Pipeline.php(53): Illuminate\Pipeline\Pipeline->Illuminate\Pipeline\{closure}(Object(Illuminate\Http\Request))
#21 /var/www/html/twistar/vendor/laravel/framework/src/Illuminate/Foundation/Http/Middleware/TransformsRequest.php(30): Illuminate\Routing\Pipeline->Illuminate\Routing\{closure}(Object(Illuminate\Http\Request))
#22 /var/www/html/twistar/vendor/laravel/framework/src/Illuminate/Pipeline/Pipeline.php(148): Illuminate\Foundation\Http\Middleware\TransformsRequest->handle(Object(Illuminate\Http\Request), Object(Closure))
#23 /var/www/html/twistar/vendor/laravel/framework/src/Illuminate/Routing/Pipeline.php(53): Illuminate\Pipeline\Pipeline->Illuminate\Pipeline\{closure}(Object(Illuminate\Http\Request))
#24 /var/www/html/twistar/vendor/laravel/framework/src/Illuminate/Foundation/Http/Middleware/ValidatePostSize.php(27): Illuminate\Routing\Pipeline->Illuminate\Routing\{closure}(Object(Illuminate\Http\Request))
#25 /var/www/html/twistar/vendor/laravel/framework/src/Illuminate/Pipeline/Pipeline.php(148): Illuminate\Foundation\Http\Middleware\ValidatePostSize->handle(Object(Illuminate\Http\Request), Object(Closure))
#26 /var/www/html/twistar/vendor/laravel/framework/src/Illuminate/Routing/Pipeline.php(53): Illuminate\Pipeline\Pipeline->Illuminate\Pipeline\{closure}(Object(Illuminate\Http\Request))
#27 /var/www/html/twistar/vendor/laravel/framework/src/Illuminate/Foundation/Http/Middleware/CheckForMaintenanceMode.php(46): Illuminate\Routing\Pipeline->Illuminate\Routing\{closure}(Object(Illuminate\Http\Request))
#28 /var/www/html/twistar/vendor/laravel/framework/src/Illuminate/Pipeline/Pipeline.php(148): Illuminate\Foundation\Http\Middleware\CheckForMaintenanceMode->handle(Object(Illuminate\Http\Request), Object(Closure))
#29 /var/www/html/twistar/vendor/laravel/framework/src/Illuminate/Routing/Pipeline.php(53): Illuminate\Pipeline\Pipeline->Illuminate\Pipeline\{closure}(Object(Illuminate\Http\Request))
#30 /var/www/html/twistar/vendor/laravel/framework/src/Illuminate/Pipeline/Pipeline.php(102): Illuminate\Routing\Pipeline->Illuminate\Routing\{closure}(Object(Illuminate\Http\Request))
#31 /var/www/html/twistar/vendor/laravel/framework/src/Illuminate/Foundation/Http/Kernel.php(149): Illuminate\Pipeline\Pipeline->then(Object(Closure))
#32 /var/www/html/twistar/vendor/laravel/framework/src/Illuminate/Foundation/Http/Kernel.php(116): Illuminate\Foundation\Http\Kernel->sendRequestThroughRouter(Object(Illuminate\Http\Request))
#33 /var/www/html/twistar/public/index.php(54): Illuminate\Foundation\Http\Kernel->handle(Object(Illuminate\Http\Request))
#34 /var/www/html/twistar/server.php(21): require_once('/var/www/html/t...')
#35 {main}  
[2017-04-07 07:39:37] local.ERROR: exception 'ReflectionException' with message 'Class api does not exist' in /var/www/html/twistar/vendor/laravel/framework/src/Illuminate/Container/Container.php:719
Stack trace:
#0 /var/www/html/twistar/vendor/laravel/framework/src/Illuminate/Container/Container.php(719): ReflectionClass->__construct('api')
#1 /var/www/html/twistar/vendor/laravel/framework/src/Illuminate/Container/Container.php(598): Illuminate\Container\Container->build('api')
#2 /var/www/html/twistar/vendor/laravel/framework/src/Illuminate/Container/Container.php(567): Illuminate\Container\Container->resolve('api')
#3 /var/www/html/twistar/vendor/laravel/framework/src/Illuminate/Foundation/Application.php(708): Illuminate\Container\Container->make('api')
#4 /var/www/html/twistar/vendor/laravel/framework/src/Illuminate/Foundation/Http/Kernel.php(213): Illuminate\Foundation\Application->make('api')
#5 /var/www/html/twistar/vendor/laravel/framework/src/Illuminate/Foundation/Http/Kernel.php(187): Illuminate\Foundation\Http\Kernel->terminateMiddleware(Object(Illuminate\Http\Request), Object(Illuminate\Http\Response))
#6 /var/www/html/twistar/public/index.php(58): Illuminate\Foundation\Http\Kernel->terminate(Object(Illuminate\Http\Request), Object(Illuminate\Http\Response))
#7 /var/www/html/twistar/server.php(21): require_once('/var/www/html/t...')
#8 {main}  
[2017-04-07 07:39:39] local.ERROR: exception 'ReflectionException' with message 'Class api does not exist' in /var/www/html/twistar/vendor/laravel/framework/src/Illuminate/Container/Container.php:719
Stack trace:
#0 /var/www/html/twistar/vendor/laravel/framework/src/Illuminate/Container/Container.php(719): ReflectionClass->__construct('api')
#1 /var/www/html/twistar/vendor/laravel/framework/src/Illuminate/Container/Container.php(598): Illuminate\Container\Container->build('api')
#2 /var/www/html/twistar/vendor/laravel/framework/src/Illuminate/Container/Container.php(567): Illuminate\Container\Container->resolve('api')
#3 /var/www/html/twistar/vendor/laravel/framework/src/Illuminate/Foundation/Application.php(708): Illuminate\Container\Container->make('api')
#4 /var/www/html/twistar/vendor/laravel/framework/src/Illuminate/Pipeline/Pipeline.php(138): Illuminate\Foundation\Application->make('api')
#5 /var/www/html/twistar/vendor/laravel/framework/src/Illuminate/Routing/Pipeline.php(53): Illuminate\Pipeline\Pipeline->Illuminate\Pipeline\{closure}(Object(Illuminate\Http\Request))
#6 /var/www/html/twistar/vendor/laravel/framework/src/Illuminate/Routing/Middleware/SubstituteBindings.php(41): Illuminate\Routing\Pipeline->Illuminate\Routing\{closure}(Object(Illuminate\Http\Request))
#7 /var/www/html/twistar/vendor/laravel/framework/src/Illuminate/Pipeline/Pipeline.php(148): Illuminate\Routing\Middleware\SubstituteBindings->handle(Object(Illuminate\Http\Request), Object(Closure))
#8 /var/www/html/twistar/vendor/laravel/framework/src/Illuminate/Routing/Pipeline.php(53): Illuminate\Pipeline\Pipeline->Illuminate\Pipeline\{closure}(Object(Illuminate\Http\Request))
#9 /var/www/html/twistar/vendor/laravel/framework/src/Illuminate/Routing/Middleware/ThrottleRequests.php(49): Illuminate\Routing\Pipeline->Illuminate\Routing\{closure}(Object(Illuminate\Http\Request))
#10 /var/www/html/twistar/vendor/laravel/framework/src/Illuminate/Pipeline/Pipeline.php(148): Illuminate\Routing\Middleware\ThrottleRequests->handle(Object(Illuminate\Http\Request), Object(Closure), '60', '1')
#11 /var/www/html/twistar/vendor/laravel/framework/src/Illuminate/Routing/Pipeline.php(53): Illuminate\Pipeline\Pipeline->Illuminate\Pipeline\{closure}(Object(Illuminate\Http\Request))
#12 /var/www/html/twistar/vendor/laravel/framework/src/Illuminate/Pipeline/Pipeline.php(102): Illuminate\Routing\Pipeline->Illuminate\Routing\{closure}(Object(Illuminate\Http\Request))
#13 /var/www/html/twistar/vendor/laravel/framework/src/Illuminate/Routing/Router.php(561): Illuminate\Pipeline\Pipeline->then(Object(Closure))
#14 /var/www/html/twistar/vendor/laravel/framework/src/Illuminate/Routing/Router.php(520): Illuminate\Routing\Router->runRouteWithinStack(Object(Illuminate\Routing\Route), Object(Illuminate\Http\Request))
#15 /var/www/html/twistar/vendor/laravel/framework/src/Illuminate/Routing/Router.php(498): Illuminate\Routing\Router->dispatchToRoute(Object(Illuminate\Http\Request))
#16 /var/www/html/twistar/vendor/laravel/framework/src/Illuminate/Foundation/Http/Kernel.php(174): Illuminate\Routing\Router->dispatch(Object(Illuminate\Http\Request))
#17 /var/www/html/twistar/vendor/laravel/framework/src/Illuminate/Routing/Pipeline.php(30): Illuminate\Foundation\Http\Kernel->Illuminate\Foundation\Http\{closure}(Object(Illuminate\Http\Request))
#18 /var/www/html/twistar/vendor/laravel/framework/src/Illuminate/Foundation/Http/Middleware/TransformsRequest.php(30): Illuminate\Routing\Pipeline->Illuminate\Routing\{closure}(Object(Illuminate\Http\Request))
#19 /var/www/html/twistar/vendor/laravel/framework/src/Illuminate/Pipeline/Pipeline.php(148): Illuminate\Foundation\Http\Middleware\TransformsRequest->handle(Object(Illuminate\Http\Request), Object(Closure))
#20 /var/www/html/twistar/vendor/laravel/framework/src/Illuminate/Routing/Pipeline.php(53): Illuminate\Pipeline\Pipeline->Illuminate\Pipeline\{closure}(Object(Illuminate\Http\Request))
#21 /var/www/html/twistar/vendor/laravel/framework/src/Illuminate/Foundation/Http/Middleware/TransformsRequest.php(30): Illuminate\Routing\Pipeline->Illuminate\Routing\{closure}(Object(Illuminate\Http\Request))
#22 /var/www/html/twistar/vendor/laravel/framework/src/Illuminate/Pipeline/Pipeline.php(148): Illuminate\Foundation\Http\Middleware\TransformsRequest->handle(Object(Illuminate\Http\Request), Object(Closure))
#23 /var/www/html/twistar/vendor/laravel/framework/src/Illuminate/Routing/Pipeline.php(53): Illuminate\Pipeline\Pipeline->Illuminate\Pipeline\{closure}(Object(Illuminate\Http\Request))
#24 /var/www/html/twistar/vendor/laravel/framework/src/Illuminate/Foundation/Http/Middleware/ValidatePostSize.php(27): Illuminate\Routing\Pipeline->Illuminate\Routing\{closure}(Object(Illuminate\Http\Request))
#25 /var/www/html/twistar/vendor/laravel/framework/src/Illuminate/Pipeline/Pipeline.php(148): Illuminate\Foundation\Http\Middleware\ValidatePostSize->handle(Object(Illuminate\Http\Request), Object(Closure))
#26 /var/www/html/twistar/vendor/laravel/framework/src/Illuminate/Routing/Pipeline.php(53): Illuminate\Pipeline\Pipeline->Illuminate\Pipeline\{closure}(Object(Illuminate\Http\Request))
#27 /var/www/html/twistar/vendor/laravel/framework/src/Illuminate/Foundation/Http/Middleware/CheckForMaintenanceMode.php(46): Illuminate\Routing\Pipeline->Illuminate\Routing\{closure}(Object(Illuminate\Http\Request))
#28 /var/www/html/twistar/vendor/laravel/framework/src/Illuminate/Pipeline/Pipeline.php(148): Illuminate\Foundation\Http\Middleware\CheckForMaintenanceMode->handle(Object(Illuminate\Http\Request), Object(Closure))
#29 /var/www/html/twistar/vendor/laravel/framework/src/Illuminate/Routing/Pipeline.php(53): Illuminate\Pipeline\Pipeline->Illuminate\Pipeline\{closure}(Object(Illuminate\Http\Request))
#30 /var/www/html/twistar/vendor/laravel/framework/src/Illuminate/Pipeline/Pipeline.php(102): Illuminate\Routing\Pipeline->Illuminate\Routing\{closure}(Object(Illuminate\Http\Request))
#31 /var/www/html/twistar/vendor/laravel/framework/src/Illuminate/Foundation/Http/Kernel.php(149): Illuminate\Pipeline\Pipeline->then(Object(Closure))
#32 /var/www/html/twistar/vendor/laravel/framework/src/Illuminate/Foundation/Http/Kernel.php(116): Illuminate\Foundation\Http\Kernel->sendRequestThroughRouter(Object(Illuminate\Http\Request))
#33 /var/www/html/twistar/public/index.php(54): Illuminate\Foundation\Http\Kernel->handle(Object(Illuminate\Http\Request))
#34 /var/www/html/twistar/server.php(21): require_once('/var/www/html/t...')
#35 {main}  
[2017-04-07 07:39:39] local.ERROR: exception 'ReflectionException' with message 'Class api does not exist' in /var/www/html/twistar/vendor/laravel/framework/src/Illuminate/Container/Container.php:719
Stack trace:
#0 /var/www/html/twistar/vendor/laravel/framework/src/Illuminate/Container/Container.php(719): ReflectionClass->__construct('api')
#1 /var/www/html/twistar/vendor/laravel/framework/src/Illuminate/Container/Container.php(598): Illuminate\Container\Container->build('api')
#2 /var/www/html/twistar/vendor/laravel/framework/src/Illuminate/Container/Container.php(567): Illuminate\Container\Container->resolve('api')
#3 /var/www/html/twistar/vendor/laravel/framework/src/Illuminate/Foundation/Application.php(708): Illuminate\Container\Container->make('api')
#4 /var/www/html/twistar/vendor/laravel/framework/src/Illuminate/Foundation/Http/Kernel.php(213): Illuminate\Foundation\Application->make('api')
#5 /var/www/html/twistar/vendor/laravel/framework/src/Illuminate/Foundation/Http/Kernel.php(187): Illuminate\Foundation\Http\Kernel->terminateMiddleware(Object(Illuminate\Http\Request), Object(Illuminate\Http\Response))
#6 /var/www/html/twistar/public/index.php(58): Illuminate\Foundation\Http\Kernel->terminate(Object(Illuminate\Http\Request), Object(Illuminate\Http\Response))
#7 /var/www/html/twistar/server.php(21): require_once('/var/www/html/t...')
#8 {main}  
[2017-04-07 07:40:11] local.ERROR: exception 'ReflectionException' with message 'Class api does not exist' in /var/www/html/twistar/vendor/laravel/framework/src/Illuminate/Container/Container.php:719
Stack trace:
#0 /var/www/html/twistar/vendor/laravel/framework/src/Illuminate/Container/Container.php(719): ReflectionClass->__construct('api')
#1 /var/www/html/twistar/vendor/laravel/framework/src/Illuminate/Container/Container.php(598): Illuminate\Container\Container->build('api')
#2 /var/www/html/twistar/vendor/laravel/framework/src/Illuminate/Container/Container.php(567): Illuminate\Container\Container->resolve('api')
#3 /var/www/html/twistar/vendor/laravel/framework/src/Illuminate/Foundation/Application.php(708): Illuminate\Container\Container->make('api')
#4 /var/www/html/twistar/vendor/laravel/framework/src/Illuminate/Pipeline/Pipeline.php(138): Illuminate\Foundation\Application->make('api')
#5 /var/www/html/twistar/vendor/laravel/framework/src/Illuminate/Routing/Pipeline.php(53): Illuminate\Pipeline\Pipeline->Illuminate\Pipeline\{closure}(Object(Illuminate\Http\Request))
#6 /var/www/html/twistar/vendor/laravel/framework/src/Illuminate/Routing/Middleware/SubstituteBindings.php(41): Illuminate\Routing\Pipeline->Illuminate\Routing\{closure}(Object(Illuminate\Http\Request))
#7 /var/www/html/twistar/vendor/laravel/framework/src/Illuminate/Pipeline/Pipeline.php(148): Illuminate\Routing\Middleware\SubstituteBindings->handle(Object(Illuminate\Http\Request), Object(Closure))
#8 /var/www/html/twistar/vendor/laravel/framework/src/Illuminate/Routing/Pipeline.php(53): Illuminate\Pipeline\Pipeline->Illuminate\Pipeline\{closure}(Object(Illuminate\Http\Request))
#9 /var/www/html/twistar/vendor/laravel/framework/src/Illuminate/Routing/Middleware/ThrottleRequests.php(49): Illuminate\Routing\Pipeline->Illuminate\Routing\{closure}(Object(Illuminate\Http\Request))
#10 /var/www/html/twistar/vendor/laravel/framework/src/Illuminate/Pipeline/Pipeline.php(148): Illuminate\Routing\Middleware\ThrottleRequests->handle(Object(Illuminate\Http\Request), Object(Closure), '60', '1')
#11 /var/www/html/twistar/vendor/laravel/framework/src/Illuminate/Routing/Pipeline.php(53): Illuminate\Pipeline\Pipeline->Illuminate\Pipeline\{closure}(Object(Illuminate\Http\Request))
#12 /var/www/html/twistar/vendor/laravel/framework/src/Illuminate/Pipeline/Pipeline.php(102): Illuminate\Routing\Pipeline->Illuminate\Routing\{closure}(Object(Illuminate\Http\Request))
#13 /var/www/html/twistar/vendor/laravel/framework/src/Illuminate/Routing/Router.php(561): Illuminate\Pipeline\Pipeline->then(Object(Closure))
#14 /var/www/html/twistar/vendor/laravel/framework/src/Illuminate/Routing/Router.php(520): Illuminate\Routing\Router->runRouteWithinStack(Object(Illuminate\Routing\Route), Object(Illuminate\Http\Request))
#15 /var/www/html/twistar/vendor/laravel/framework/src/Illuminate/Routing/Router.php(498): Illuminate\Routing\Router->dispatchToRoute(Object(Illuminate\Http\Request))
#16 /var/www/html/twistar/vendor/laravel/framework/src/Illuminate/Foundation/Http/Kernel.php(174): Illuminate\Routing\Router->dispatch(Object(Illuminate\Http\Request))
#17 /var/www/html/twistar/vendor/laravel/framework/src/Illuminate/Routing/Pipeline.php(30): Illuminate\Foundation\Http\Kernel->Illuminate\Foundation\Http\{closure}(Object(Illuminate\Http\Request))
#18 /var/www/html/twistar/vendor/laravel/framework/src/Illuminate/Foundation/Http/Middleware/TransformsRequest.php(30): Illuminate\Routing\Pipeline->Illuminate\Routing\{closure}(Object(Illuminate\Http\Request))
#19 /var/www/html/twistar/vendor/laravel/framework/src/Illuminate/Pipeline/Pipeline.php(148): Illuminate\Foundation\Http\Middleware\TransformsRequest->handle(Object(Illuminate\Http\Request), Object(Closure))
#20 /var/www/html/twistar/vendor/laravel/framework/src/Illuminate/Routing/Pipeline.php(53): Illuminate\Pipeline\Pipeline->Illuminate\Pipeline\{closure}(Object(Illuminate\Http\Request))
#21 /var/www/html/twistar/vendor/laravel/framework/src/Illuminate/Foundation/Http/Middleware/TransformsRequest.php(30): Illuminate\Routing\Pipeline->Illuminate\Routing\{closure}(Object(Illuminate\Http\Request))
#22 /var/www/html/twistar/vendor/laravel/framework/src/Illuminate/Pipeline/Pipeline.php(148): Illuminate\Foundation\Http\Middleware\TransformsRequest->handle(Object(Illuminate\Http\Request), Object(Closure))
#23 /var/www/html/twistar/vendor/laravel/framework/src/Illuminate/Routing/Pipeline.php(53): Illuminate\Pipeline\Pipeline->Illuminate\Pipeline\{closure}(Object(Illuminate\Http\Request))
#24 /var/www/html/twistar/vendor/laravel/framework/src/Illuminate/Foundation/Http/Middleware/ValidatePostSize.php(27): Illuminate\Routing\Pipeline->Illuminate\Routing\{closure}(Object(Illuminate\Http\Request))
#25 /var/www/html/twistar/vendor/laravel/framework/src/Illuminate/Pipeline/Pipeline.php(148): Illuminate\Foundation\Http\Middleware\ValidatePostSize->handle(Object(Illuminate\Http\Request), Object(Closure))
#26 /var/www/html/twistar/vendor/laravel/framework/src/Illuminate/Routing/Pipeline.php(53): Illuminate\Pipeline\Pipeline->Illuminate\Pipeline\{closure}(Object(Illuminate\Http\Request))
#27 /var/www/html/twistar/vendor/laravel/framework/src/Illuminate/Foundation/Http/Middleware/CheckForMaintenanceMode.php(46): Illuminate\Routing\Pipeline->Illuminate\Routing\{closure}(Object(Illuminate\Http\Request))
#28 /var/www/html/twistar/vendor/laravel/framework/src/Illuminate/Pipeline/Pipeline.php(148): Illuminate\Foundation\Http\Middleware\CheckForMaintenanceMode->handle(Object(Illuminate\Http\Request), Object(Closure))
#29 /var/www/html/twistar/vendor/laravel/framework/src/Illuminate/Routing/Pipeline.php(53): Illuminate\Pipeline\Pipeline->Illuminate\Pipeline\{closure}(Object(Illuminate\Http\Request))
#30 /var/www/html/twistar/vendor/laravel/framework/src/Illuminate/Pipeline/Pipeline.php(102): Illuminate\Routing\Pipeline->Illuminate\Routing\{closure}(Object(Illuminate\Http\Request))
#31 /var/www/html/twistar/vendor/laravel/framework/src/Illuminate/Foundation/Http/Kernel.php(149): Illuminate\Pipeline\Pipeline->then(Object(Closure))
#32 /var/www/html/twistar/vendor/laravel/framework/src/Illuminate/Foundation/Http/Kernel.php(116): Illuminate\Foundation\Http\Kernel->sendRequestThroughRouter(Object(Illuminate\Http\Request))
#33 /var/www/html/twistar/public/index.php(54): Illuminate\Foundation\Http\Kernel->handle(Object(Illuminate\Http\Request))
#34 /var/www/html/twistar/server.php(21): require_once('/var/www/html/t...')
#35 {main}  
[2017-04-07 07:40:11] local.ERROR: exception 'ReflectionException' with message 'Class api does not exist' in /var/www/html/twistar/vendor/laravel/framework/src/Illuminate/Container/Container.php:719
Stack trace:
#0 /var/www/html/twistar/vendor/laravel/framework/src/Illuminate/Container/Container.php(719): ReflectionClass->__construct('api')
#1 /var/www/html/twistar/vendor/laravel/framework/src/Illuminate/Container/Container.php(598): Illuminate\Container\Container->build('api')
#2 /var/www/html/twistar/vendor/laravel/framework/src/Illuminate/Container/Container.php(567): Illuminate\Container\Container->resolve('api')
#3 /var/www/html/twistar/vendor/laravel/framework/src/Illuminate/Foundation/Application.php(708): Illuminate\Container\Container->make('api')
#4 /var/www/html/twistar/vendor/laravel/framework/src/Illuminate/Foundation/Http/Kernel.php(213): Illuminate\Foundation\Application->make('api')
#5 /var/www/html/twistar/vendor/laravel/framework/src/Illuminate/Foundation/Http/Kernel.php(187): Illuminate\Foundation\Http\Kernel->terminateMiddleware(Object(Illuminate\Http\Request), Object(Illuminate\Http\Response))
#6 /var/www/html/twistar/public/index.php(58): Illuminate\Foundation\Http\Kernel->terminate(Object(Illuminate\Http\Request), Object(Illuminate\Http\Response))
#7 /var/www/html/twistar/server.php(21): require_once('/var/www/html/t...')
#8 {main}  
