[2017-04-07 06:51:12] local.ERROR: exception 'PDOException' with message 'SQLSTATE[42000]: Syntax error or access violation: 1067 Invalid default value for 'created_at'' in /var/www/html/twistar/vendor/laravel/framework/src/Illuminate/Database/Connection.php:449
Stack trace:
#0 /var/www/html/twistar/vendor/laravel/framework/src/Illuminate/Database/Connection.php(449): PDOStatement->execute()
#1 /var/www/html/twistar/vendor/laravel/framework/src/Illuminate/Database/Connection.php(640): Illuminate\Database\Connection->Illuminate\Database\{closure}('create table `u...', Array)
#2 /var/www/html/twistar/vendor/laravel/framework/src/Illuminate/Database/Connection.php(607): Illuminate\Database\Connection->runQueryCallback('create table `u...', Array, Object(Closure))
#3 /var/www/html/twistar/vendor/laravel/framework/src/Illuminate/Database/Connection.php(450): Illuminate\Database\Connection->run('create table `u...', Array, Object(Closure))
#4 /var/www/html/twistar/vendor/laravel/framework/src/Illuminate/Database/Schema/Blueprint.php(83): Illuminate\Database\Connection->statement('create table `u...')
#5 /var/www/html/twistar/vendor/laravel/framework/src/Illuminate/Database/Schema/Builder.php(239): Illuminate\Database\Schema\Blueprint->build(Object(Illuminate\Database\MySqlConnection), Object(Illuminate\Database\Schema\Grammars\MySqlGrammar))
#6 /var/www/html/twistar/vendor/laravel/framework/src/Illuminate/Database/Schema/Builder.php(164): Illuminate\Database\Schema\Builder->build(Object(Illuminate\Database\Schema\Blueprint))
#7 /var/www/html/twistar/vendor/laravel/framework/src/Illuminate/Support/Facades/Facade.php(221): Illuminate\Database\Schema\Builder->create('users_role', Object(Closure))
#8 /var/www/html/twistar/database/migrations/2017_02_22_044649_create_users_role_table.php(21): Illuminate\Support\Facades\Facade::__callStatic('create', Array)
#9 /var/www/html/twistar/database/migrations/2017_02_22_044649_create_users_role_table.php(21): Illuminate\Support\Facades\Schema::create('users_role', Object(Closure))
#10 /var/www/html/twistar/vendor/laravel/framework/src/Illuminate/Database/Migrations/Migrator.php(353): CreateUsersRoleTable->up()
#11 /var/www/html/twistar/vendor/laravel/framework/src/Illuminate/Database/Migrations/Migrator.php(359): Illuminate\Database\Migrations\Migrator->Illuminate\Database\Migrations\{closure}()
#12 /var/www/html/twistar/vendor/laravel/framework/src/Illuminate/Database/Migrations/Migrator.php(177): Illuminate\Database\Migrations\Migrator->runMigration(Object(CreateUsersRoleTable), 'up')
#13 /var/www/html/twistar/vendor/laravel/framework/src/Illuminate/Database/Migrations/Migrator.php(146): Illuminate\Database\Migrations\Migrator->runUp('/var/www/html/t...', 1, false)
#14 /var/www/html/twistar/vendor/laravel/framework/src/Illuminate/Database/Migrations/Migrator.php(95): Illuminate\Database\Migrations\Migrator->runPending(Array, Array)
#15 /var/www/html/twistar/vendor/laravel/framework/src/Illuminate/Database/Console/Migrations/MigrateCommand.php(70): Illuminate\Database\Migrations\Migrator->run(Array, Array)
#16 [internal function]: Illuminate\Database\Console\Migrations\MigrateCommand->fire()
#17 /var/www/html/twistar/vendor/laravel/framework/src/Illuminate/Container/BoundMethod.php(30): call_user_func_array(Array, Array)
#18 /var/www/html/twistar/vendor/laravel/framework/src/Illuminate/Container/BoundMethod.php(87): Illuminate\Container\BoundMethod::Illuminate\Container\{closure}()
#19 /var/www/html/twistar/vendor/laravel/framework/src/Illuminate/Container/BoundMethod.php(31): Illuminate\Container\BoundMethod::callBoundMethod(Object(Illuminate\Foundation\Application), Array, Object(Closure))
#20 /var/www/html/twistar/vendor/laravel/framework/src/Illuminate/Container/Container.php(531): Illuminate\Container\BoundMethod::call(Object(Illuminate\Foundation\Application), Array, Array, NULL)
#21 /var/www/html/twistar/vendor/laravel/framework/src/Illuminate/Console/Command.php(182): Illuminate\Container\Container->call(Array)
#22 /var/www/html/twistar/vendor/symfony/console/Command/Command.php(262): Illuminate\Console\Command->execute(Object(Symfony\Component\Console\Input\ArgvInput), Object(Illuminate\Console\OutputStyle))
#23 /var/www/html/twistar/vendor/laravel/framework/src/Illuminate/Console/Command.php(168): Symfony\Component\Console\Command\Command->run(Object(Symfony\Component\Console\Input\ArgvInput), Object(Illuminate\Console\OutputStyle))
#24 /var/www/html/twistar/vendor/symfony/console/Application.php(826): Illuminate\Console\Command->run(Object(Symfony\Component\Console\Input\ArgvInput), Object(Symfony\Component\Console\Output\ConsoleOutput))
#25 /var/www/html/twistar/vendor/symfony/console/Application.php(190): Symfony\Component\Console\Application->doRunCommand(Object(Illuminate\Database\Console\Migrations\MigrateCommand), Object(Symfony\Component\Console\Input\ArgvInput), Object(Symfony\Component\Console\Output\ConsoleOutput))
#26 /var/www/html/twistar/vendor/symfony/console/Application.php(121): Symfony\Component\Console\Application->doRun(Object(Symfony\Component\Console\Input\ArgvInput), Object(Symfony\Component\Console\Output\ConsoleOutput))
#27 /var/www/html/twistar/vendor/laravel/framework/src/Illuminate/Foundation/Console/Kernel.php(123): Symfony\Component\Console\Application->run(Object(Symfony\Component\Console\Input\ArgvInput), Object(Symfony\Component\Console\Output\ConsoleOutput))
#28 /var/www/html/twistar/artisan(36): Illuminate\Foundation\Console\Kernel->handle(Object(Symfony\Component\Console\Input\ArgvInput), Object(Symfony\Component\Console\Output\ConsoleOutput))
#29 {main}

Next exception 'Illuminate\Database\QueryException' with message 'SQLSTATE[42000]: Syntax error or access violation: 1067 Invalid default value for 'created_at' (SQL: create table `users_role` (`id` int unsigned not null auto_increment primary key, `name` varchar(64) not null, `updated_at` timestamp not null, `created_at` timestamp not null) default character set utf8mb4 collate utf8mb4_unicode_ci)' in /var/www/html/twistar/vendor/laravel/framework/src/Illuminate/Database/Connection.php:647
Stack trace:
#0 /var/www/html/twistar/vendor/laravel/framework/src/Illuminate/Database/Connection.php(607): Illuminate\Database\Connection->runQueryCallback('create table `u...', Array, Object(Closure))
#1 /var/www/html/twistar/vendor/laravel/framework/src/Illuminate/Database/Connection.php(450): Illuminate\Database\Connection->run('create table `u...', Array, Object(Closure))
#2 /var/www/html/twistar/vendor/laravel/framework/src/Illuminate/Database/Schema/Blueprint.php(83): Illuminate\Database\Connection->statement('create table `u...')
#3 /var/www/html/twistar/vendor/laravel/framework/src/Illuminate/Database/Schema/Builder.php(239): Illuminate\Database\Schema\Blueprint->build(Object(Illuminate\Database\MySqlConnection), Object(Illuminate\Database\Schema\Grammars\MySqlGrammar))
#4 /var/www/html/twistar/vendor/laravel/framework/src/Illuminate/Database/Schema/Builder.php(164): Illuminate\Database\Schema\Builder->build(Object(Illuminate\Database\Schema\Blueprint))
#5 /var/www/html/twistar/vendor/laravel/framework/src/Illuminate/Support/Facades/Facade.php(221): Illuminate\Database\Schema\Builder->create('users_role', Object(Closure))
#6 /var/www/html/twistar/database/migrations/2017_02_22_044649_create_users_role_table.php(21): Illuminate\Support\Facades\Facade::__callStatic('create', Array)
#7 /var/www/html/twistar/database/migrations/2017_02_22_044649_create_users_role_table.php(21): Illuminate\Support\Facades\Schema::create('users_role', Object(Closure))
#8 /var/www/html/twistar/vendor/laravel/framework/src/Illuminate/Database/Migrations/Migrator.php(353): CreateUsersRoleTable->up()
#9 /var/www/html/twistar/vendor/laravel/framework/src/Illuminate/Database/Migrations/Migrator.php(359): Illuminate\Database\Migrations\Migrator->Illuminate\Database\Migrations\{closure}()
#10 /var/www/html/twistar/vendor/laravel/framework/src/Illuminate/Database/Migrations/Migrator.php(177): Illuminate\Database\Migrations\Migrator->runMigration(Object(CreateUsersRoleTable), 'up')
#11 /var/www/html/twistar/vendor/laravel/framework/src/Illuminate/Database/Migrations/Migrator.php(146): Illuminate\Database\Migrations\Migrator->runUp('/var/www/html/t...', 1, false)
#12 /var/www/html/twistar/vendor/laravel/framework/src/Illuminate/Database/Migrations/Migrator.php(95): Illuminate\Database\Migrations\Migrator->runPending(Array, Array)
#13 /var/www/html/twistar/vendor/laravel/framework/src/Illuminate/Database/Console/Migrations/MigrateCommand.php(70): Illuminate\Database\Migrations\Migrator->run(Array, Array)
#14 [internal function]: Illuminate\Database\Console\Migrations\MigrateCommand->fire()
#15 /var/www/html/twistar/vendor/laravel/framework/src/Illuminate/Container/BoundMethod.php(30): call_user_func_array(Array, Array)
#16 /var/www/html/twistar/vendor/laravel/framework/src/Illuminate/Container/BoundMethod.php(87): Illuminate\Container\BoundMethod::Illuminate\Container\{closure}()
#17 /var/www/html/twistar/vendor/laravel/framework/src/Illuminate/Container/BoundMethod.php(31): Illuminate\Container\BoundMethod::callBoundMethod(Object(Illuminate\Foundation\Application), Array, Object(Closure))
#18 /var/www/html/twistar/vendor/laravel/framework/src/Illuminate/Container/Container.php(531): Illuminate\Container\BoundMethod::call(Object(Illuminate\Foundation\Application), Array, Array, NULL)
#19 /var/www/html/twistar/vendor/laravel/framework/src/Illuminate/Console/Command.php(182): Illuminate\Container\Container->call(Array)
#20 /var/www/html/twistar/vendor/symfony/console/Command/Command.php(262): Illuminate\Console\Command->execute(Object(Symfony\Component\Console\Input\ArgvInput), Object(Illuminate\Console\OutputStyle))
#21 /var/www/html/twistar/vendor/laravel/framework/src/Illuminate/Console/Command.php(168): Symfony\Component\Console\Command\Command->run(Object(Symfony\Component\Console\Input\ArgvInput), Object(Illuminate\Console\OutputStyle))
#22 /var/www/html/twistar/vendor/symfony/console/Application.php(826): Illuminate\Console\Command->run(Object(Symfony\Component\Console\Input\ArgvInput), Object(Symfony\Component\Console\Output\ConsoleOutput))
#23 /var/www/html/twistar/vendor/symfony/console/Application.php(190): Symfony\Component\Console\Application->doRunCommand(Object(Illuminate\Database\Console\Migrations\MigrateCommand), Object(Symfony\Component\Console\Input\ArgvInput), Object(Symfony\Component\Console\Output\ConsoleOutput))
#24 /var/www/html/twistar/vendor/symfony/console/Application.php(121): Symfony\Component\Console\Application->doRun(Object(Symfony\Component\Console\Input\ArgvInput), Object(Symfony\Component\Console\Output\ConsoleOutput))
#25 /var/www/html/twistar/vendor/laravel/framework/src/Illuminate/Foundation/Console/Kernel.php(123): Symfony\Component\Console\Application->run(Object(Symfony\Component\Console\Input\ArgvInput), Object(Symfony\Component\Console\Output\ConsoleOutput))
#26 /var/www/html/twistar/artisan(36): Illuminate\Foundation\Console\Kernel->handle(Object(Symfony\Component\Console\Input\ArgvInput), Object(Symfony\Component\Console\Output\ConsoleOutput))
#27 {main}  
